<?xml version="1.0" encoding="UTF-8"?>
<!-- Generated by org.testng.reporters.JUnitReportReporter -->
<testsuite skipped="0" hostname="CANL-21KSJ12" name="com.qa.rest.tests.GetCallBDD" tests="1" failures="0" timestamp="03 Sep 2018 17:39:26 GMT" time="2.791" errors="0">
  <testcase name="test_numberofCircuitsfor2017" time="2.791" classname="com.qa.rest.tests.GetCallBDD"/>
</testsuite> <!-- com.qa.rest.tests.GetCallBDD -->
